[ INFO] [com.fieldschina.edm.MailMain.main(MailMain.java:24)] [2014-10-13 17:44:39.259] - ALL script start！
[ INFO] [com.fieldschina.edm.handler.IncrementRecipientHandler.Timer(IncrementRecipientHandler.java:41)] [2014-10-13 17:44:39.290] - Timer start！
[ INFO] [com.fieldschina.edm.handler.CheckReportHandler.Timer(CheckReportHandler.java:37)] [2014-10-13 17:44:39.306] - CheckReportHandler Timer start！
[ INFO] [com.fieldschina.edm.handler.CheckReportHandler$1.run(CheckReportHandler.java:50)] [2014-10-13 17:44:39.306] - CheckReportHandler Timer Task start！
[DEBUG] [com.fieldschina.edm.service.CheckReportService.checkReport(CheckReportService.java:53)] [2014-10-13 17:44:44.891] - 检查今日日志文件。
[DEBUG] [com.fieldschina.edm.dbconn.DBConnectionManager.loadDriver(DBConnectionManager.java:220)] [2014-10-13 17:44:45.016] - DBConnectionManager.loadDriver
[DEBUG] [com.fieldschina.edm.handler.CheckReportHandler.sendReport(CheckReportHandler.java:76)] [2014-10-13 17:44:45.937] - 得到fields的IT员工数据数量:4是：[id:0 webId:0 wpId:0 firstName:null lastname:null Email:543410506@qq.com exception:null birthdayYear:0 birthdayMonth:0 birthdayDay:0 registeredDate:null, id:0 webId:0 wpId:0 firstName:null lastname:null Email:751750178@qq.com exception:null birthdayYear:0 birthdayMonth:0 birthdayDay:0 registeredDate:null, id:0 webId:0 wpId:0 firstName:null lastname:null Email:fieldschina@163.com exception:null birthdayYear:0 birthdayMonth:0 birthdayDay:0 registeredDate:null, id:0 webId:0 wpId:0 firstName:null lastname:null Email:lavenwl@gmail.com exception:null birthdayYear:0 birthdayMonth:0 birthdayDay:0 registeredDate:null]
[ INFO] [com.fieldschina.edm.email.SendMail.send(SendMail.java:73)] [2014-10-13 17:44:48.340] - 发送成功it.crm@sh.fieldschina.com
[ INFO] [com.fieldschina.edm.handler.CheckReportHandler.sendReport(CheckReportHandler.java:90)] [2014-10-13 17:44:48.340] - 邮件发送成功！
[ INFO] [com.fieldschina.edm.handler.CheckReportHandler$1.run(CheckReportHandler.java:52)] [2014-10-13 17:44:48.340] - CheckReportHandler Timer task end！
[ INFO] [com.fieldschina.edm.handler.CheckReportHandler$1.run(CheckReportHandler.java:50)] [2014-10-13 17:44:48.340] - CheckReportHandler Timer Task start！
[DEBUG] [com.fieldschina.edm.service.CheckReportService.checkReport(CheckReportService.java:53)] [2014-10-13 17:44:48.340] - 检查今日日志文件。
[DEBUG] [com.fieldschina.edm.handler.CheckReportHandler.sendReport(CheckReportHandler.java:76)] [2014-10-13 17:44:48.340] - 得到fields的IT员工数据数量:4是：[id:0 webId:0 wpId:0 firstName:null lastname:null Email:543410506@qq.com exception:null birthdayYear:0 birthdayMonth:0 birthdayDay:0 registeredDate:null, id:0 webId:0 wpId:0 firstName:null lastname:null Email:751750178@qq.com exception:null birthdayYear:0 birthdayMonth:0 birthdayDay:0 registeredDate:null, id:0 webId:0 wpId:0 firstName:null lastname:null Email:fieldschina@163.com exception:null birthdayYear:0 birthdayMonth:0 birthdayDay:0 registeredDate:null, id:0 webId:0 wpId:0 firstName:null lastname:null Email:lavenwl@gmail.com exception:null birthdayYear:0 birthdayMonth:0 birthdayDay:0 registeredDate:null]
[ INFO] [com.fieldschina.edm.email.SendMail.send(SendMail.java:73)] [2014-10-13 17:44:50.525] - 发送成功it.crm@sh.fieldschina.com
[ INFO] [com.fieldschina.edm.handler.CheckReportHandler.sendReport(CheckReportHandler.java:90)] [2014-10-13 17:44:50.525] - 邮件发送成功！
[ INFO] [com.fieldschina.edm.handler.CheckReportHandler$1.run(CheckReportHandler.java:52)] [2014-10-13 17:44:50.526] - CheckReportHandler Timer task end！
[ INFO] [com.fieldschina.edm.handler.CheckReportHandler$1.run(CheckReportHandler.java:50)] [2014-10-13 17:44:50.526] - CheckReportHandler Timer Task start！
[DEBUG] [com.fieldschina.edm.service.CheckReportService.checkReport(CheckReportService.java:53)] [2014-10-13 17:44:50.526] - 检查今日日志文件。
[DEBUG] [com.fieldschina.edm.handler.CheckReportHandler.sendReport(CheckReportHandler.java:76)] [2014-10-13 17:44:50.526] - 得到fields的IT员工数据数量:4是：[id:0 webId:0 wpId:0 firstName:null lastname:null Email:543410506@qq.com exception:null birthdayYear:0 birthdayMonth:0 birthdayDay:0 registeredDate:null, id:0 webId:0 wpId:0 firstName:null lastname:null Email:751750178@qq.com exception:null birthdayYear:0 birthdayMonth:0 birthdayDay:0 registeredDate:null, id:0 webId:0 wpId:0 firstName:null lastname:null Email:fieldschina@163.com exception:null birthdayYear:0 birthdayMonth:0 birthdayDay:0 registeredDate:null, id:0 webId:0 wpId:0 firstName:null lastname:null Email:lavenwl@gmail.com exception:null birthdayYear:0 birthdayMonth:0 birthdayDay:0 registeredDate:null]
[ INFO] [com.fieldschina.edm.email.SendMail.send(SendMail.java:73)] [2014-10-13 17:44:52.819] - 发送成功it.crm@sh.fieldschina.com
[ INFO] [com.fieldschina.edm.handler.CheckReportHandler.sendReport(CheckReportHandler.java:90)] [2014-10-13 17:44:52.819] - 邮件发送成功！
[ INFO] [com.fieldschina.edm.handler.CheckReportHandler$1.run(CheckReportHandler.java:52)] [2014-10-13 17:44:52.819] - CheckReportHandler Timer task end！
[ INFO] [com.fieldschina.edm.handler.CheckReportHandler$1.run(CheckReportHandler.java:50)] [2014-10-13 17:44:52.819] - CheckReportHandler Timer Task start！
[DEBUG] [com.fieldschina.edm.service.CheckReportService.checkReport(CheckReportService.java:53)] [2014-10-13 17:44:52.819] - 检查今日日志文件。
[DEBUG] [com.fieldschina.edm.handler.CheckReportHandler.sendReport(CheckReportHandler.java:76)] [2014-10-13 17:44:52.819] - 得到fields的IT员工数据数量:4是：[id:0 webId:0 wpId:0 firstName:null lastname:null Email:543410506@qq.com exception:null birthdayYear:0 birthdayMonth:0 birthdayDay:0 registeredDate:null, id:0 webId:0 wpId:0 firstName:null lastname:null Email:751750178@qq.com exception:null birthdayYear:0 birthdayMonth:0 birthdayDay:0 registeredDate:null, id:0 webId:0 wpId:0 firstName:null lastname:null Email:fieldschina@163.com exception:null birthdayYear:0 birthdayMonth:0 birthdayDay:0 registeredDate:null, id:0 webId:0 wpId:0 firstName:null lastname:null Email:lavenwl@gmail.com exception:null birthdayYear:0 birthdayMonth:0 birthdayDay:0 registeredDate:null]
[ INFO] [com.fieldschina.edm.MailMain.main(MailMain.java:24)] [2014-10-13 17:45:35.019] - ALL script start！
[ INFO] [com.fieldschina.edm.handler.IncrementRecipientHandler.Timer(IncrementRecipientHandler.java:41)] [2014-10-13 17:45:35.035] - Timer start！
[DEBUG] [com.fieldschina.edm.dbconn.DBConnectionManager.loadDriver(DBConnectionManager.java:220)] [2014-10-13 17:45:38.202] - DBConnectionManager.loadDriver
[DEBUG] [com.fieldschina.edm.service.RecipientService.findRemindRecipients(RecipientService.java:454)] [2014-10-13 17:45:43.990] - 存在异常数据，赠送或内卖或礼券产品被检测出来，直接删掉数据。userActionChange:com.fieldschina.edm.entity.UserActionChange@7a9b777a
[DEBUG] [com.fieldschina.edm.service.RecipientService.findRemindRecipients(RecipientService.java:454)] [2014-10-13 17:45:44.179] - 存在异常数据，赠送或内卖或礼券产品被检测出来，直接删掉数据。userActionChange:com.fieldschina.edm.entity.UserActionChange@6d0718b7
[DEBUG] [com.fieldschina.edm.service.RecipientService.findRemindRecipients(RecipientService.java:454)] [2014-10-13 17:45:44.366] - 存在异常数据，赠送或内卖或礼券产品被检测出来，直接删掉数据。userActionChange:com.fieldschina.edm.entity.UserActionChange@4cd1ad08
[DEBUG] [com.fieldschina.edm.service.RecipientService.findRemindRecipients(RecipientService.java:454)] [2014-10-13 17:45:44.537] - 存在异常数据，赠送或内卖或礼券产品被检测出来，直接删掉数据。userActionChange:com.fieldschina.edm.entity.UserActionChange@68c0890f
[DEBUG] [com.fieldschina.edm.service.RecipientService.findRemindRecipients(RecipientService.java:454)] [2014-10-13 17:45:44.693] - 存在异常数据，赠送或内卖或礼券产品被检测出来，直接删掉数据。userActionChange:com.fieldschina.edm.entity.UserActionChange@1029f93b
[DEBUG] [com.fieldschina.edm.service.RecipientService.findRemindRecipients(RecipientService.java:454)] [2014-10-13 17:45:44.849] - 存在异常数据，赠送或内卖或礼券产品被检测出来，直接删掉数据。userActionChange:com.fieldschina.edm.entity.UserActionChange@3c6b93c5
[DEBUG] [com.fieldschina.edm.service.RecipientService.findRemindRecipients(RecipientService.java:454)] [2014-10-13 17:45:45.005] - 存在异常数据，赠送或内卖或礼券产品被检测出来，直接删掉数据。userActionChange:com.fieldschina.edm.entity.UserActionChange@2c92af24
[DEBUG] [com.fieldschina.edm.service.RecipientService.findRemindRecipients(RecipientService.java:454)] [2014-10-13 17:45:45.147] - 存在异常数据，赠送或内卖或礼券产品被检测出来，直接删掉数据。userActionChange:com.fieldschina.edm.entity.UserActionChange@2a6c9ec6
[DEBUG] [com.fieldschina.edm.service.RecipientService.findRemindRecipients(RecipientService.java:454)] [2014-10-13 17:45:45.303] - 存在异常数据，赠送或内卖或礼券产品被检测出来，直接删掉数据。userActionChange:com.fieldschina.edm.entity.UserActionChange@5057f57f
[DEBUG] [com.fieldschina.edm.service.RecipientService.findRemindRecipients(RecipientService.java:454)] [2014-10-13 17:45:45.474] - 存在异常数据，赠送或内卖或礼券产品被检测出来，直接删掉数据。userActionChange:com.fieldschina.edm.entity.UserActionChange@dfeaf06
[DEBUG] [com.fieldschina.edm.service.RecipientService.findRemindRecipients(RecipientService.java:454)] [2014-10-13 17:45:45.662] - 存在异常数据，赠送或内卖或礼券产品被检测出来，直接删掉数据。userActionChange:com.fieldschina.edm.entity.UserActionChange@4a0ce796
[DEBUG] [com.fieldschina.edm.service.RecipientService.findRemindRecipients(RecipientService.java:454)] [2014-10-13 17:45:45.864] - 存在异常数据，赠送或内卖或礼券产品被检测出来，直接删掉数据。userActionChange:com.fieldschina.edm.entity.UserActionChange@74b70648
[DEBUG] [com.fieldschina.edm.service.RecipientService.findRemindRecipients(RecipientService.java:454)] [2014-10-13 17:45:46.020] - 存在异常数据，赠送或内卖或礼券产品被检测出来，直接删掉数据。userActionChange:com.fieldschina.edm.entity.UserActionChange@2c65394b
[DEBUG] [com.fieldschina.edm.service.RecipientService.findRemindRecipients(RecipientService.java:454)] [2014-10-13 17:45:46.176] - 存在异常数据，赠送或内卖或礼券产品被检测出来，直接删掉数据。userActionChange:com.fieldschina.edm.entity.UserActionChange@5a749436
[DEBUG] [com.fieldschina.edm.service.RecipientService.findRemindRecipients(RecipientService.java:454)] [2014-10-13 17:45:46.333] - 存在异常数据，赠送或内卖或礼券产品被检测出来，直接删掉数据。userActionChange:com.fieldschina.edm.entity.UserActionChange@665c1eae
[DEBUG] [com.fieldschina.edm.service.RecipientService.findRemindRecipients(RecipientService.java:454)] [2014-10-13 17:45:46.505] - 存在异常数据，赠送或内卖或礼券产品被检测出来，直接删掉数据。userActionChange:com.fieldschina.edm.entity.UserActionChange@246ce26e
[DEBUG] [com.fieldschina.edm.service.RecipientService.findRemindRecipients(RecipientService.java:454)] [2014-10-13 17:45:46.661] - 存在异常数据，赠送或内卖或礼券产品被检测出来，直接删掉数据。userActionChange:com.fieldschina.edm.entity.UserActionChange@4095c5ec
[DEBUG] [com.fieldschina.edm.service.RecipientService.findRemindRecipients(RecipientService.java:454)] [2014-10-13 17:45:46.801] - 存在异常数据，赠送或内卖或礼券产品被检测出来，直接删掉数据。userActionChange:com.fieldschina.edm.entity.UserActionChange@c7056d5
[DEBUG] [com.fieldschina.edm.service.RecipientService.findRemindRecipients(RecipientService.java:454)] [2014-10-13 17:45:46.957] - 存在异常数据，赠送或内卖或礼券产品被检测出来，直接删掉数据。userActionChange:com.fieldschina.edm.entity.UserActionChange@139d115
[DEBUG] [com.fieldschina.edm.service.RecipientService.findRemindRecipients(RecipientService.java:454)] [2014-10-13 17:45:47.098] - 存在异常数据，赠送或内卖或礼券产品被检测出来，直接删掉数据。userActionChange:com.fieldschina.edm.entity.UserActionChange@396c75ed
[DEBUG] [com.fieldschina.edm.service.RecipientService.findRemindRecipients(RecipientService.java:454)] [2014-10-13 17:45:47.254] - 存在异常数据，赠送或内卖或礼券产品被检测出来，直接删掉数据。userActionChange:com.fieldschina.edm.entity.UserActionChange@63f9f0f2
[DEBUG] [com.fieldschina.edm.service.RecipientService.findRemindRecipients(RecipientService.java:454)] [2014-10-13 17:45:47.395] - 存在异常数据，赠送或内卖或礼券产品被检测出来，直接删掉数据。userActionChange:com.fieldschina.edm.entity.UserActionChange@7b4189d0
[DEBUG] [com.fieldschina.edm.service.RecipientService.findRemindRecipients(RecipientService.java:454)] [2014-10-13 17:45:47.567] - 存在异常数据，赠送或内卖或礼券产品被检测出来，直接删掉数据。userActionChange:com.fieldschina.edm.entity.UserActionChange@63f796d0
[DEBUG] [com.fieldschina.edm.service.RecipientService.findRemindRecipients(RecipientService.java:454)] [2014-10-13 17:45:47.707] - 存在异常数据，赠送或内卖或礼券产品被检测出来，直接删掉数据。userActionChange:com.fieldschina.edm.entity.UserActionChange@306bba64
[DEBUG] [com.fieldschina.edm.service.RecipientService.findRemindRecipients(RecipientService.java:454)] [2014-10-13 17:45:47.848] - 存在异常数据，赠送或内卖或礼券产品被检测出来，直接删掉数据。userActionChange:com.fieldschina.edm.entity.UserActionChange@4e9e75f6
[DEBUG] [com.fieldschina.edm.service.RecipientService.findRemindRecipients(RecipientService.java:454)] [2014-10-13 17:45:48.004] - 存在异常数据，赠送或内卖或礼券产品被检测出来，直接删掉数据。userActionChange:com.fieldschina.edm.entity.UserActionChange@69d4eeb5
[DEBUG] [com.fieldschina.edm.service.RecipientService.findRemindRecipients(RecipientService.java:454)] [2014-10-13 17:45:48.160] - 存在异常数据，赠送或内卖或礼券产品被检测出来，直接删掉数据。userActionChange:com.fieldschina.edm.entity.UserActionChange@193a83cc
[DEBUG] [com.fieldschina.edm.service.RecipientService.findRemindRecipients(RecipientService.java:454)] [2014-10-13 17:45:48.316] - 存在异常数据，赠送或内卖或礼券产品被检测出来，直接删掉数据。userActionChange:com.fieldschina.edm.entity.UserActionChange@7d0ade7e
[DEBUG] [com.fieldschina.edm.service.RecipientService.findRemindRecipients(RecipientService.java:454)] [2014-10-13 17:45:48.441] - 存在异常数据，赠送或内卖或礼券产品被检测出来，直接删掉数据。userActionChange:com.fieldschina.edm.entity.UserActionChange@7640d611
[DEBUG] [com.fieldschina.edm.service.RecipientService.findRemindRecipients(RecipientService.java:454)] [2014-10-13 17:45:48.566] - 存在异常数据，赠送或内卖或礼券产品被检测出来，直接删掉数据。userActionChange:com.fieldschina.edm.entity.UserActionChange@c4a3158
[DEBUG] [com.fieldschina.edm.service.RecipientService.findRemindRecipients(RecipientService.java:454)] [2014-10-13 17:45:48.738] - 存在异常数据，赠送或内卖或礼券产品被检测出来，直接删掉数据。userActionChange:com.fieldschina.edm.entity.UserActionChange@133c3b45
[DEBUG] [com.fieldschina.edm.service.RecipientService.findRemindRecipients(RecipientService.java:454)] [2014-10-13 17:45:48.894] - 存在异常数据，赠送或内卖或礼券产品被检测出来，直接删掉数据。userActionChange:com.fieldschina.edm.entity.UserActionChange@12bc6007
[DEBUG] [com.fieldschina.edm.service.RecipientService.findRemindRecipients(RecipientService.java:454)] [2014-10-13 17:45:49.050] - 存在异常数据，赠送或内卖或礼券产品被检测出来，直接删掉数据。userActionChange:com.fieldschina.edm.entity.UserActionChange@455b4492
[DEBUG] [com.fieldschina.edm.service.RecipientService.findRemindRecipients(RecipientService.java:454)] [2014-10-13 17:45:49.206] - 存在异常数据，赠送或内卖或礼券产品被检测出来，直接删掉数据。userActionChange:com.fieldschina.edm.entity.UserActionChange@15353154
[DEBUG] [com.fieldschina.edm.service.RecipientService.findRemindRecipients(RecipientService.java:454)] [2014-10-13 17:45:49.377] - 存在异常数据，赠送或内卖或礼券产品被检测出来，直接删掉数据。userActionChange:com.fieldschina.edm.entity.UserActionChange@6b28215d
[DEBUG] [com.fieldschina.edm.service.RecipientService.findRemindRecipients(RecipientService.java:454)] [2014-10-13 17:45:49.566] - 存在异常数据，赠送或内卖或礼券产品被检测出来，直接删掉数据。userActionChange:com.fieldschina.edm.entity.UserActionChange@55e1a0ee
[DEBUG] [com.fieldschina.edm.service.RecipientService.findRemindRecipients(RecipientService.java:454)] [2014-10-13 17:45:49.722] - 存在异常数据，赠送或内卖或礼券产品被检测出来，直接删掉数据。userActionChange:com.fieldschina.edm.entity.UserActionChange@6f67c6fd
[DEBUG] [com.fieldschina.edm.service.RecipientService.findRemindRecipients(RecipientService.java:454)] [2014-10-13 17:45:49.862] - 存在异常数据，赠送或内卖或礼券产品被检测出来，直接删掉数据。userActionChange:com.fieldschina.edm.entity.UserActionChange@1bb25a82
[DEBUG] [com.fieldschina.edm.service.RecipientService.findRemindRecipients(RecipientService.java:454)] [2014-10-13 17:45:50.002] - 存在异常数据，赠送或内卖或礼券产品被检测出来，直接删掉数据。userActionChange:com.fieldschina.edm.entity.UserActionChange@56d99277
[DEBUG] [com.fieldschina.edm.service.RecipientService.findRemindRecipients(RecipientService.java:454)] [2014-10-13 17:45:50.143] - 存在异常数据，赠送或内卖或礼券产品被检测出来，直接删掉数据。userActionChange:com.fieldschina.edm.entity.UserActionChange@6185e90f
[DEBUG] [com.fieldschina.edm.service.RecipientService.findRemindRecipients(RecipientService.java:454)] [2014-10-13 17:45:50.268] - 存在异常数据，赠送或内卖或礼券产品被检测出来，直接删掉数据。userActionChange:com.fieldschina.edm.entity.UserActionChange@268201a7
[DEBUG] [com.fieldschina.edm.service.RecipientService.findRemindRecipients(RecipientService.java:454)] [2014-10-13 17:45:50.470] - 存在异常数据，赠送或内卖或礼券产品被检测出来，直接删掉数据。userActionChange:com.fieldschina.edm.entity.UserActionChange@68c95daa
[DEBUG] [com.fieldschina.edm.service.RecipientService.findRemindRecipients(RecipientService.java:454)] [2014-10-13 17:45:50.659] - 存在异常数据，赠送或内卖或礼券产品被检测出来，直接删掉数据。userActionChange:com.fieldschina.edm.entity.UserActionChange@215200be
[DEBUG] [com.fieldschina.edm.service.RecipientService.findRemindRecipients(RecipientService.java:454)] [2014-10-13 17:45:50.830] - 存在异常数据，赠送或内卖或礼券产品被检测出来，直接删掉数据。userActionChange:com.fieldschina.edm.entity.UserActionChange@380199d8
[DEBUG] [com.fieldschina.edm.service.RecipientService.findRemindRecipients(RecipientService.java:454)] [2014-10-13 17:45:50.955] - 存在异常数据，赠送或内卖或礼券产品被检测出来，直接删掉数据。userActionChange:com.fieldschina.edm.entity.UserActionChange@30721965
[DEBUG] [com.fieldschina.edm.service.RecipientService.findRemindRecipients(RecipientService.java:454)] [2014-10-13 17:45:51.095] - 存在异常数据，赠送或内卖或礼券产品被检测出来，直接删掉数据。userActionChange:com.fieldschina.edm.entity.UserActionChange@65957a34
[DEBUG] [com.fieldschina.edm.service.RecipientService.findRemindRecipients(RecipientService.java:454)] [2014-10-13 17:45:51.267] - 存在异常数据，赠送或内卖或礼券产品被检测出来，直接删掉数据。userActionChange:com.fieldschina.edm.entity.UserActionChange@31bd669d
[DEBUG] [com.fieldschina.edm.service.RecipientService.findRemindRecipients(RecipientService.java:454)] [2014-10-13 17:45:51.439] - 存在异常数据，赠送或内卖或礼券产品被检测出来，直接删掉数据。userActionChange:com.fieldschina.edm.entity.UserActionChange@4a4de3fe
[DEBUG] [com.fieldschina.edm.service.RecipientService.findRemindRecipients(RecipientService.java:454)] [2014-10-13 17:45:51.782] - 存在异常数据，赠送或内卖或礼券产品被检测出来，直接删掉数据。userActionChange:com.fieldschina.edm.entity.UserActionChange@43ebf4ff
[DEBUG] [com.fieldschina.edm.service.RecipientService.findRemindRecipients(RecipientService.java:454)] [2014-10-13 17:45:51.970] - 存在异常数据，赠送或内卖或礼券产品被检测出来，直接删掉数据。userActionChange:com.fieldschina.edm.entity.UserActionChange@11396ef7
[DEBUG] [com.fieldschina.edm.service.RecipientService.findRemindRecipients(RecipientService.java:454)] [2014-10-13 17:45:52.126] - 存在异常数据，赠送或内卖或礼券产品被检测出来，直接删掉数据。userActionChange:com.fieldschina.edm.entity.UserActionChange@2fd1cdf7
[DEBUG] [com.fieldschina.edm.service.RecipientService.findRemindRecipients(RecipientService.java:454)] [2014-10-13 17:45:52.251] - 存在异常数据，赠送或内卖或礼券产品被检测出来，直接删掉数据。userActionChange:com.fieldschina.edm.entity.UserActionChange@7eec835f
[DEBUG] [com.fieldschina.edm.service.RecipientService.findRemindRecipients(RecipientService.java:454)] [2014-10-13 17:45:52.376] - 存在异常数据，赠送或内卖或礼券产品被检测出来，直接删掉数据。userActionChange:com.fieldschina.edm.entity.UserActionChange@678fb397
[DEBUG] [com.fieldschina.edm.service.RecipientService.findRemindRecipients(RecipientService.java:454)] [2014-10-13 17:45:52.516] - 存在异常数据，赠送或内卖或礼券产品被检测出来，直接删掉数据。userActionChange:com.fieldschina.edm.entity.UserActionChange@24aa10fc
[DEBUG] [com.fieldschina.edm.service.RecipientService.findRemindRecipients(RecipientService.java:454)] [2014-10-13 17:45:52.656] - 存在异常数据，赠送或内卖或礼券产品被检测出来，直接删掉数据。userActionChange:com.fieldschina.edm.entity.UserActionChange@1769df00
[DEBUG] [com.fieldschina.edm.service.RecipientService.findRemindRecipients(RecipientService.java:454)] [2014-10-13 17:45:52.812] - 存在异常数据，赠送或内卖或礼券产品被检测出来，直接删掉数据。userActionChange:com.fieldschina.edm.entity.UserActionChange@7543073a
[DEBUG] [com.fieldschina.edm.service.RecipientService.findRemindRecipients(RecipientService.java:454)] [2014-10-13 17:45:52.938] - 存在异常数据，赠送或内卖或礼券产品被检测出来，直接删掉数据。userActionChange:com.fieldschina.edm.entity.UserActionChange@31bca1c3
[DEBUG] [com.fieldschina.edm.service.RecipientService.findRemindRecipients(RecipientService.java:454)] [2014-10-13 17:45:53.063] - 存在异常数据，赠送或内卖或礼券产品被检测出来，直接删掉数据。userActionChange:com.fieldschina.edm.entity.UserActionChange@4d8dfa76
[DEBUG] [com.fieldschina.edm.service.RecipientService.findRemindRecipients(RecipientService.java:454)] [2014-10-13 17:45:53.219] - 存在异常数据，赠送或内卖或礼券产品被检测出来，直接删掉数据。userActionChange:com.fieldschina.edm.entity.UserActionChange@26945b95
[DEBUG] [com.fieldschina.edm.service.RecipientService.findRemindRecipients(RecipientService.java:454)] [2014-10-13 17:45:53.344] - 存在异常数据，赠送或内卖或礼券产品被检测出来，直接删掉数据。userActionChange:com.fieldschina.edm.entity.UserActionChange@55f35e30
[DEBUG] [com.fieldschina.edm.service.RecipientService.findRemindRecipients(RecipientService.java:454)] [2014-10-13 17:45:53.500] - 存在异常数据，赠送或内卖或礼券产品被检测出来，直接删掉数据。userActionChange:com.fieldschina.edm.entity.UserActionChange@73d4f355
[DEBUG] [com.fieldschina.edm.service.RecipientService.findRemindRecipients(RecipientService.java:454)] [2014-10-13 17:45:53.671] - 存在异常数据，赠送或内卖或礼券产品被检测出来，直接删掉数据。userActionChange:com.fieldschina.edm.entity.UserActionChange@6c484c6b
[DEBUG] [com.fieldschina.edm.service.RecipientService.findRemindRecipients(RecipientService.java:454)] [2014-10-13 17:45:53.859] - 存在异常数据，赠送或内卖或礼券产品被检测出来，直接删掉数据。userActionChange:com.fieldschina.edm.entity.UserActionChange@6eef4599
[DEBUG] [com.fieldschina.edm.service.RecipientService.findRemindRecipients(RecipientService.java:454)] [2014-10-13 17:45:54.000] - 存在异常数据，赠送或内卖或礼券产品被检测出来，直接删掉数据。userActionChange:com.fieldschina.edm.entity.UserActionChange@3fc66ec7
[DEBUG] [com.fieldschina.edm.service.RecipientService.findRemindRecipients(RecipientService.java:454)] [2014-10-13 17:45:54.484] - 存在异常数据，赠送或内卖或礼券产品被检测出来，直接删掉数据。userActionChange:com.fieldschina.edm.entity.UserActionChange@6212f195
[DEBUG] [com.fieldschina.edm.service.RecipientService.findRemindRecipients(RecipientService.java:454)] [2014-10-13 17:45:54.655] - 存在异常数据，赠送或内卖或礼券产品被检测出来，直接删掉数据。userActionChange:com.fieldschina.edm.entity.UserActionChange@37fcd402
[DEBUG] [com.fieldschina.edm.service.RecipientService.findRemindRecipients(RecipientService.java:454)] [2014-10-13 17:45:54.936] - 存在异常数据，赠送或内卖或礼券产品被检测出来，直接删掉数据。userActionChange:com.fieldschina.edm.entity.UserActionChange@4b7d03c5
[DEBUG] [com.fieldschina.edm.service.RecipientService.findRemindRecipients(RecipientService.java:454)] [2014-10-13 17:45:55.093] - 存在异常数据，赠送或内卖或礼券产品被检测出来，直接删掉数据。userActionChange:com.fieldschina.edm.entity.UserActionChange@465da37c
[DEBUG] [com.fieldschina.edm.service.RecipientService.findRemindRecipients(RecipientService.java:454)] [2014-10-13 17:45:55.218] - 存在异常数据，赠送或内卖或礼券产品被检测出来，直接删掉数据。userActionChange:com.fieldschina.edm.entity.UserActionChange@2206179e
[DEBUG] [com.fieldschina.edm.service.RecipientService.findRemindRecipients(RecipientService.java:454)] [2014-10-13 17:45:55.358] - 存在异常数据，赠送或内卖或礼券产品被检测出来，直接删掉数据。userActionChange:com.fieldschina.edm.entity.UserActionChange@2aaf914c
[DEBUG] [com.fieldschina.edm.service.RecipientService.findRemindRecipients(RecipientService.java:454)] [2014-10-13 17:45:55.514] - 存在异常数据，赠送或内卖或礼券产品被检测出来，直接删掉数据。userActionChange:com.fieldschina.edm.entity.UserActionChange@2206270b
[DEBUG] [com.fieldschina.edm.service.RecipientService.findRemindRecipients(RecipientService.java:454)] [2014-10-13 17:45:55.733] - 存在异常数据，赠送或内卖或礼券产品被检测出来，直接删掉数据。userActionChange:com.fieldschina.edm.entity.UserActionChange@1c04ec59
[DEBUG] [com.fieldschina.edm.service.RecipientService.findRemindRecipients(RecipientService.java:454)] [2014-10-13 17:45:55.904] - 存在异常数据，赠送或内卖或礼券产品被检测出来，直接删掉数据。userActionChange:com.fieldschina.edm.entity.UserActionChange@77c30993
[DEBUG] [com.fieldschina.edm.service.RecipientService.findRemindRecipients(RecipientService.java:454)] [2014-10-13 17:45:56.076] - 存在异常数据，赠送或内卖或礼券产品被检测出来，直接删掉数据。userActionChange:com.fieldschina.edm.entity.UserActionChange@6155035a
[DEBUG] [com.fieldschina.edm.service.RecipientService.findRemindRecipients(RecipientService.java:454)] [2014-10-13 17:45:56.248] - 存在异常数据，赠送或内卖或礼券产品被检测出来，直接删掉数据。userActionChange:com.fieldschina.edm.entity.UserActionChange@e31bcc8
[DEBUG] [com.fieldschina.edm.service.RecipientService.findRemindRecipients(RecipientService.java:454)] [2014-10-13 17:45:56.389] - 存在异常数据，赠送或内卖或礼券产品被检测出来，直接删掉数据。userActionChange:com.fieldschina.edm.entity.UserActionChange@70b11164
[DEBUG] [com.fieldschina.edm.service.RecipientService.findRemindRecipients(RecipientService.java:454)] [2014-10-13 17:45:56.529] - 存在异常数据，赠送或内卖或礼券产品被检测出来，直接删掉数据。userActionChange:com.fieldschina.edm.entity.UserActionChange@41697023
[DEBUG] [com.fieldschina.edm.service.RecipientService.findRemindRecipients(RecipientService.java:454)] [2014-10-13 17:45:56.685] - 存在异常数据，赠送或内卖或礼券产品被检测出来，直接删掉数据。userActionChange:com.fieldschina.edm.entity.UserActionChange@442982d8
[DEBUG] [com.fieldschina.edm.service.RecipientService.findRemindRecipients(RecipientService.java:454)] [2014-10-13 17:45:56.841] - 存在异常数据，赠送或内卖或礼券产品被检测出来，直接删掉数据。userActionChange:com.fieldschina.edm.entity.UserActionChange@6701fa9e
[DEBUG] [com.fieldschina.edm.service.RecipientService.findRemindRecipients(RecipientService.java:454)] [2014-10-13 17:45:56.982] - 存在异常数据，赠送或内卖或礼券产品被检测出来，直接删掉数据。userActionChange:com.fieldschina.edm.entity.UserActionChange@59d6e3d2
[DEBUG] [com.fieldschina.edm.service.RecipientService.findRemindRecipients(RecipientService.java:454)] [2014-10-13 17:45:57.138] - 存在异常数据，赠送或内卖或礼券产品被检测出来，直接删掉数据。userActionChange:com.fieldschina.edm.entity.UserActionChange@67384a6a
[DEBUG] [com.fieldschina.edm.service.RecipientService.findRemindRecipients(RecipientService.java:454)] [2014-10-13 17:45:57.310] - 存在异常数据，赠送或内卖或礼券产品被检测出来，直接删掉数据。userActionChange:com.fieldschina.edm.entity.UserActionChange@107aa187
[DEBUG] [com.fieldschina.edm.service.RecipientService.findRemindRecipients(RecipientService.java:454)] [2014-10-13 17:45:57.451] - 存在异常数据，赠送或内卖或礼券产品被检测出来，直接删掉数据。userActionChange:com.fieldschina.edm.entity.UserActionChange@6e3e28
[DEBUG] [com.fieldschina.edm.service.RecipientService.findRemindRecipients(RecipientService.java:460)] [2014-10-13 17:45:57.622] - 返回的recipients2.size:35 list:Recipient2 [email=sheridanhp@gmail.com, warnProducts=梦果鲜 香蕉苹果泥, list=[id:10002 title:梦果鲜 香蕉苹果泥 url:http://www.fieldschina.com/zh/item-10002.html imageUrlhttp://www.fieldschina.com/image/product/201408/1407349185933294.jpg price1:32 price2:32 type:糖果巧克力 desc1:以100%天然水果为原料，香蕉苹果泥含有丰富矿物质和多种维生素，不含防腐剂，健康美味营养。

注意事项：家长请将盖子放置远离儿童处，以免吞食。
], name=null, pUrl=null, iUrl=null, pPrice=0, pPrice2=0, addDate=2014-10-13 17:45:44]
Recipient2 [email=margoverhagen@hotmail.com, warnProducts=新鲜大黄, list=[id:7745 title:新鲜大黄 url:http://www.fieldschina.com/zh/item-7745.html imageUrlhttp://www.fieldschina.com/image/product/201407/1404379815688532.jpg price1:35 price2:35 type:田园时蔬 desc1:新鲜大黄的茎可作为蔬菜食用的同时也被国外食客当作水果，这种植物常被种植在他们的菜园中。新鲜大黄，富含维生素C，膳食纤维和钙；其气清香，跟覆盆子与糖一起煮四小时，可以作甜品、果酱或西式馅饼的馅料。
], name=null, pUrl=null, iUrl=null, pPrice=0, pPrice2=0, addDate=2014-10-13 17:45:44]
[ INFO] [com.fieldschina.edm.MailMain.main(MailMain.java:24)] [2014-10-13 17:48:24.320] - ALL script start！
[DEBUG] [com.fieldschina.edm.dbconn.DBConnectionManager.loadDriver(DBConnectionManager.java:220)] [2014-10-13 17:48:26.270] - DBConnectionManager.loadDriver
[DEBUG] [com.fieldschina.edm.service.RecipientService.findRemindRecipients(RecipientService.java:460)] [2014-10-13 17:48:31.247] - 返回的recipients2.size:35 list:Recipient2 [email=sheridanhp@gmail.com, warnProducts=梦果鲜 香蕉苹果泥, list=[id:10002 title:梦果鲜 香蕉苹果泥 url:http://www.fieldschina.com/zh/item-10002.html imageUrlhttp://www.fieldschina.com/image/product/201408/1407349185933294.jpg price1:32 price2:32 type:糖果巧克力 desc1:以100%天然水果为原料，香蕉苹果泥含有丰富矿物质和多种维生素，不含防腐剂，健康美味营养。

注意事项：家长请将盖子放置远离儿童处，以免吞食。
], name=null, pUrl=null, iUrl=null, pPrice=0, pPrice2=0, addDate=2014-10-13 17:48:31]
Recipient2 [email=margoverhagen@hotmail.com, warnProducts=新鲜大黄, list=[id:7745 title:新鲜大黄 url:http://www.fieldschina.com/zh/item-7745.html imageUrlhttp://www.fieldschina.com/image/product/201407/1404379815688532.jpg price1:35 price2:35 type:田园时蔬 desc1:新鲜大黄的茎可作为蔬菜食用的同时也被国外食客当作水果，这种植物常被种植在他们的菜园中。新鲜大黄，富含维生素C，膳食纤维和钙；其气清香，跟覆盆子与糖一起煮四小时，可以作甜品、果酱或西式馅饼的馅料。
], name=null, pUrl=null, iUrl=null, pPrice=0, pPrice2=0, addDate=2014-10-13 17:48:31]
[DEBUG] [com.fieldschina.edm.service.RecipientService.sendGoodsRemind(RecipientService.java:512)] [2014-10-13 17:48:31.950] - 更新了用户recipient.EMIAL:sheridanhp@gmail.com 返回的ID：index:147
[DEBUG] [com.fieldschina.edm.service.RecipientService.sendGoodsRemindEmail(RecipientService.java:532)] [2014-10-13 17:48:32.278] - 发送结果：true
[DEBUG] [com.fieldschina.edm.service.RecipientService.sendGoodsRemind(RecipientService.java:512)] [2014-10-13 17:48:32.700] - 更新了用户recipient.EMIAL:margoverhagen@hotmail.com 返回的ID：index:148
[DEBUG] [com.fieldschina.edm.service.RecipientService.sendGoodsRemindEmail(RecipientService.java:532)] [2014-10-13 17:48:34.135] - 发送结果：true
[DEBUG] [com.fieldschina.edm.service.RecipientService.sendGoodsRemind(RecipientService.java:512)] [2014-10-13 17:48:34.448] - 更新了用户recipient.EMIAL:ki2tan@yahoo.com 返回的ID：index:149
[DEBUG] [com.fieldschina.edm.service.RecipientService.sendGoodsRemindEmail(RecipientService.java:532)] [2014-10-13 17:48:34.604] - 发送结果：true
[DEBUG] [com.fieldschina.edm.service.RecipientService.sendGoodsRemind(RecipientService.java:512)] [2014-10-13 17:48:35.135] - 更新了用户recipient.EMIAL:mousefly1217@hotmail.com 返回的ID：index:150
[DEBUG] [com.fieldschina.edm.service.RecipientService.sendGoodsRemindEmail(RecipientService.java:532)] [2014-10-13 17:48:35.431] - 发送结果：true
[DEBUG] [com.fieldschina.edm.service.RecipientService.sendGoodsRemind(RecipientService.java:512)] [2014-10-13 17:48:35.806] - 更新了用户recipient.EMIAL:ismichelle@hotmail.com 返回的ID：index:151
[DEBUG] [com.fieldschina.edm.service.RecipientService.sendGoodsRemindEmail(RecipientService.java:532)] [2014-10-13 17:48:35.994] - 发送结果：true
[DEBUG] [com.fieldschina.edm.service.RecipientService.sendGoodsRemind(RecipientService.java:512)] [2014-10-13 17:48:36.524] - 更新了用户recipient.EMIAL:kicamina@gmail.com 返回的ID：index:152
[DEBUG] [com.fieldschina.edm.service.RecipientService.sendGoodsRemindEmail(RecipientService.java:532)] [2014-10-13 17:48:36.775] - 发送结果：true
[DEBUG] [com.fieldschina.edm.service.RecipientService.sendGoodsRemind(RecipientService.java:512)] [2014-10-13 17:48:37.367] - 更新了用户recipient.EMIAL:cchase@scischina.org 返回的ID：index:153
